{
  "RSpec": {
    "coverage": {
      "/Users/faryahussain/Makers/bank_tech_test/spec/bank_test_spec.rb": {
        "lines": [
          null,
          1,
          1,
          null,
          1,
          14,
          5,
          null,
          1,
          1,
          1,
          1,
          1,
          null,
          null,
          1,
          1,
          null,
          null,
          null,
          1,
          null,
          1,
          1,
          1,
          null,
          null,
          1,
          1,
          1,
          1,
          null,
          null,
          1,
          1,
          1,
          null,
          null,
          null,
          1,
          1,
          1,
          1,
          1,
          1,
          null,
          null,
          1,
          1,
          1,
          1,
          1,
          1,
          null,
          null,
          null,
          1,
          1,
          1,
          1,
          1,
          null,
          null,
          1,
          1,
          1,
          1,
          1,
          null,
          null,
          1,
          1,
          1,
          1,
          1,
          1,
          null,
          null,
          1,
          1,
          1,
          1,
          1,
          1,
          null,
          null,
          1,
          1,
          1,
          1,
          1,
          null,
          null,
          1,
          2,
          null,
          null,
          null,
          null
        ]
      },
      "/Users/faryahussain/Makers/bank_tech_test/bank_test.rb": {
        "lines": [
          1,
          null,
          1,
          null,
          1,
          13,
          13,
          13,
          null,
          null,
          1,
          13,
          13,
          13,
          13,
          null,
          null,
          1,
          8,
          8,
          8,
          7,
          null,
          null,
          1,
          7,
          null,
          null,
          1,
          null,
          1,
          13,
          13,
          13,
          13,
          13,
          13,
          13,
          null,
          null,
          1,
          13,
          null,
          null,
          1,
          8,
          null,
          null,
          1,
          20,
          20,
          null,
          null,
          1,
          7,
          7,
          12,
          null,
          null,
          null,
          1,
          21,
          13,
          13,
          8,
          7,
          7,
          1,
          1,
          0,
          null,
          20,
          null,
          null,
          1,
          20,
          20,
          null,
          null,
          1,
          20,
          20,
          null,
          null,
          null
        ]
      }
    },
    "timestamp": 1632923353
  }
}
